<?xml version="1.0" encoding="UTF-8"?>
<!-- Generated by org.testng.reporters.JUnitReportReporter -->
<testsuite hostname="DESKTOP-AK9E0OM" failures="0" tests="1" name="com.TCs.Velocity_LoginPage" time="8.770" errors="0" timestamp="2022-04-27T15:52:00 IST" skipped="0">
  <testcase classname="com.TCs.Velocity_LoginPage" name="ClickOnDontHaveAccountToCreateNewAccount" time="8.770"/>
  <system-out/>
</testsuite> <!-- com.TCs.Velocity_LoginPage -->
